0 info it worked if it ends with ok
1 verbose cli [ '/usr/local/bin/node',
1 verbose cli   '/usr/local/bin/npm',
1 verbose cli   'install',
1 verbose cli   'json-server',
1 verbose cli   '-g' ]
2 info using npm@2.14.12
3 info using node@v4.3.2
4 verbose install initial load of /usr/local/lib/package.json
5 verbose readDependencies loading dependencies from /usr/local/lib/package.json
6 silly cache add args [ 'json-server', null ]
7 verbose cache add spec json-server
8 silly cache add parsed spec Result {
8 silly cache add   raw: 'json-server',
8 silly cache add   scope: null,
8 silly cache add   name: 'json-server',
8 silly cache add   rawSpec: '',
8 silly cache add   spec: 'latest',
8 silly cache add   type: 'tag' }
9 silly addNamed json-server@latest
10 verbose addNamed "latest" is being treated as a dist-tag for json-server
11 info addNameTag [ 'json-server', 'latest' ]
12 silly mapToRegistry name json-server
13 silly mapToRegistry using default registry
14 silly mapToRegistry registry https://registry.npmjs.org/
15 silly mapToRegistry uri https://registry.npmjs.org/json-server
16 verbose addNameTag registry:https://registry.npmjs.org/json-server not in flight; fetching
17 verbose request uri https://registry.npmjs.org/json-server
18 verbose request no auth needed
19 info attempt registry request try #1 at 2:46:09 PM
20 verbose request id 4dba909ac256f92a
21 verbose etag "B3MTQSK5MQ3V2FL6BO4IVF9S4"
22 http request GET https://registry.npmjs.org/json-server
23 http 304 https://registry.npmjs.org/json-server
24 verbose headers { date: 'Fri, 04 Mar 2016 13:46:10 GMT',
24 verbose headers   via: '1.1 varnish',
24 verbose headers   'cache-control': 'max-age=300',
24 verbose headers   etag: '"B3MTQSK5MQ3V2FL6BO4IVF9S4"',
24 verbose headers   age: '89',
24 verbose headers   connection: 'keep-alive',
24 verbose headers   'x-served-by': 'cache-lhr6324-LHR',
24 verbose headers   'x-cache': 'HIT',
24 verbose headers   'x-cache-hits': '2',
24 verbose headers   'x-timer': 'S1457099170.446730,VS0,VE0',
24 verbose headers   vary: 'Accept' }
25 silly get cb [ 304,
25 silly get   { date: 'Fri, 04 Mar 2016 13:46:10 GMT',
25 silly get     via: '1.1 varnish',
25 silly get     'cache-control': 'max-age=300',
25 silly get     etag: '"B3MTQSK5MQ3V2FL6BO4IVF9S4"',
25 silly get     age: '89',
25 silly get     connection: 'keep-alive',
25 silly get     'x-served-by': 'cache-lhr6324-LHR',
25 silly get     'x-cache': 'HIT',
25 silly get     'x-cache-hits': '2',
25 silly get     'x-timer': 'S1457099170.446730,VS0,VE0',
25 silly get     vary: 'Accept' } ]
26 verbose etag https://registry.npmjs.org/json-server from cache
27 verbose get saving json-server to /Users/robertarandazzo/.npm/registry.npmjs.org/json-server/.cache.json
28 silly addNameTag next cb for json-server with tag latest
29 silly addNamed json-server@0.8.8
30 verbose addNamed "0.8.8" is a plain semver version for json-server
31 silly cache afterAdd json-server@0.8.8
32 verbose afterAdd /Users/robertarandazzo/.npm/json-server/0.8.8/package/package.json not in flight; writing
33 verbose afterAdd /Users/robertarandazzo/.npm/json-server/0.8.8/package/package.json written
34 silly install resolved [ { name: 'json-server',
34 silly install resolved     version: '0.8.8',
34 silly install resolved     description: 'Serves JSON files through REST routes.',
34 silly install resolved     main: './src/server/index.js',
34 silly install resolved     bin: { 'json-server': './bin/index.js' },
34 silly install resolved     directories: { test: 'test' },
34 silly install resolved     dependencies:
34 silly install resolved      { 'body-parser': '^1.8.1',
34 silly install resolved        chalk: '^0.4.0',
34 silly install resolved        compression: '^1.6.0',
34 silly install resolved        'connect-pause': '^0.1.0',
34 silly install resolved        cors: '^2.3.0',
34 silly install resolved        errorhandler: '^1.2.0',
34 silly install resolved        express: '^4.9.5',
34 silly install resolved        got: '^3.3.0',
34 silly install resolved        lodash: '^3.9.2',
34 silly install resolved        lowdb: '^0.10.0',
34 silly install resolved        'method-override': '^2.1.2',
34 silly install resolved        morgan: '^1.3.1',
34 silly install resolved        'node-uuid': '^1.4.2',
34 silly install resolved        'object-assign': '^4.0.1',
34 silly install resolved        pluralize: '^1.1.2',
34 silly install resolved        'server-destroy': '^1.0.1',
34 silly install resolved        'underscore-db': '^0.9.1',
34 silly install resolved        'update-notifier': '^0.5.0',
34 silly install resolved        yargs: '^3.10.0' },
34 silly install resolved     devDependencies:
34 silly install resolved      { husky: '^0.6.1',
34 silly install resolved        mocha: '^2.2.4',
34 silly install resolved        rimraf: '^2.4.1',
34 silly install resolved        'server-ready': '^0.2.0',
34 silly install resolved        standard: '^3.8.0',
34 silly install resolved        supertest: '~0.8.1' },
34 silly install resolved     scripts:
34 silly install resolved      { test: 'npm run test:cli && npm run test:server && standard',
34 silly install resolved        'test:cli': 'NODE_ENV=test mocha -R spec test/cli/*.js',
34 silly install resolved        'test:server': 'NODE_ENV=test mocha -R spec test/server/*.js',
34 silly install resolved        start: 'node bin',
34 silly install resolved        prepush: 'npm t' },
34 silly install resolved     repository:
34 silly install resolved      { type: 'git',
34 silly install resolved        url: 'git://github.com/typicode/json-server.git' },
34 silly install resolved     keywords:
34 silly install resolved      [ 'JSON',
34 silly install resolved        'server',
34 silly install resolved        'fake',
34 silly install resolved        'REST',
34 silly install resolved        'API',
34 silly install resolved        'prototyping',
34 silly install resolved        'mock',
34 silly install resolved        'mocking',
34 silly install resolved        'test',
34 silly install resolved        'testing',
34 silly install resolved        'rest',
34 silly install resolved        'data',
34 silly install resolved        'dummy',
34 silly install resolved        'sandbox' ],
34 silly install resolved     author: { name: 'Typicode', email: 'typicode@gmail.com' },
34 silly install resolved     license: 'MIT',
34 silly install resolved     bugs: { url: 'https://github.com/typicode/json-server/issues' },
34 silly install resolved     homepage: 'https://github.com/typicode/json-server',
34 silly install resolved     gitHead: '1dba8845e59e574ac3e9ca1b78b5affe452a06e7',
34 silly install resolved     _id: 'json-server@0.8.8',
34 silly install resolved     _shasum: '3a5ff0b25d7b97b9a558720556729a55269d1d56',
34 silly install resolved     _from: 'json-server@latest',
34 silly install resolved     _npmVersion: '3.3.12',
34 silly install resolved     _nodeVersion: '5.5.0',
34 silly install resolved     _npmUser: { name: 'typicode', email: 'typicode@gmail.com' },
34 silly install resolved     dist:
34 silly install resolved      { shasum: '3a5ff0b25d7b97b9a558720556729a55269d1d56',
34 silly install resolved        tarball: 'http://registry.npmjs.org/json-server/-/json-server-0.8.8.tgz' },
34 silly install resolved     maintainers: [ [Object] ],
34 silly install resolved     _npmOperationalInternal:
34 silly install resolved      { host: 'packages-6-west.internal.npmjs.com',
34 silly install resolved        tmp: 'tmp/json-server-0.8.8.tgz_1455399041748_0.6535454222466797' },
34 silly install resolved     _resolved: 'https://registry.npmjs.org/json-server/-/json-server-0.8.8.tgz',
34 silly install resolved     readme: 'ERROR: No README data found!' } ]
35 info install json-server@0.8.8 into /usr/local/lib
36 info installOne json-server@0.8.8
37 verbose installOne of json-server to /usr/local/lib not in flight; installing
38 verbose lock using /Users/robertarandazzo/.npm/_locks/json-server-4a695b378152f936.lock for /usr/local/lib/node_modules/json-server
39 silly install write writing json-server 0.8.8 to /usr/local/lib/node_modules/json-server
40 verbose unbuild lib/node_modules/json-server
41 info preuninstall json-server@0.8.8
42 info uninstall json-server@0.8.8
43 verbose unbuild rmStuff json-server@0.8.8 from /usr/local/lib/node_modules
44 silly gentlyRm /usr/local/bin/json-server is being gently removed
45 silly gentlyRm verifying /usr/local is an npm working directory
46 silly gentlyRm containing path /usr/local is under npm's control, in /usr/local
47 silly gentlyRm deletion target /usr/local/bin/json-server is under /usr/local
48 verbose gentlyRm vacuuming from /usr/local/bin/json-server up to /usr/local
49 silly vacuum-fs removing /usr/local/bin/json-server
50 verbose unlock done using /Users/robertarandazzo/.npm/_locks/json-server-4a695b378152f936.lock for /usr/local/lib/node_modules/json-server
51 verbose stack Error: EACCES: permission denied, unlink '/usr/local/bin/json-server'
51 verbose stack     at Error (native)
52 verbose cwd /Users/robertarandazzo/Coursera-fullStackDevelopmentSpec/IONIC/json-server
53 error Darwin 13.4.0
54 error argv "/usr/local/bin/node" "/usr/local/bin/npm" "install" "json-server" "-g"
55 error node v4.3.2
56 error npm  v2.14.12
57 error path /usr/local/bin/json-server
58 error code EACCES
59 error errno -13
60 error syscall unlink
61 error Error: EACCES: permission denied, unlink '/usr/local/bin/json-server'
61 error     at Error (native)
61 error  { [Error: EACCES: permission denied, unlink '/usr/local/bin/json-server']
61 error   errno: -13,
61 error   code: 'EACCES',
61 error   syscall: 'unlink',
61 error   path: '/usr/local/bin/json-server' }
62 error Please try running this command again as root/Administrator.
63 verbose exit [ -13, true ]
64 verbose unbuild lib/node_modules/json-server
65 info preuninstall json-server@0.8.8
66 info uninstall json-server@0.8.8
67 verbose unbuild rmStuff json-server@0.8.8 from /usr/local/lib/node_modules
68 silly gentlyRm /usr/local/bin/json-server is being gently removed
69 silly gentlyRm verifying /usr/local is an npm working directory
70 silly gentlyRm containing path /usr/local is under npm's control, in /usr/local
71 silly gentlyRm deletion target /usr/local/bin/json-server is under /usr/local
72 verbose gentlyRm vacuuming from /usr/local/bin/json-server up to /usr/local
73 silly vacuum-fs removing /usr/local/bin/json-server
74 error error rolling back Error: EACCES: permission denied, unlink '/usr/local/bin/json-server'
74 error error rolling back     at Error (native)
74 error error rolling back  { [Error: EACCES: permission denied, unlink '/usr/local/bin/json-server']
74 error error rolling back   errno: -13,
74 error error rolling back   code: 'EACCES',
74 error error rolling back   syscall: 'unlink',
74 error error rolling back   path: '/usr/local/bin/json-server' }
